<?xml version="1.0" encoding="UTF-8"?>
<testsuite xmlns:xsi="http://www.w3.org/2001/XMLSchema-instance" xsi:schemaLocation="https://maven.apache.org/surefire/maven-surefire-plugin/xsd/surefire-test-report.xsd" name="models.EndangeredAnimalTest" time="4.483" tests="7" errors="5" skipped="0" failures="0">
  <properties>
[...]
</properties>
  <testcase name="endangeredAnimal_instantiatesCorrectly_true" classname="models.EndangeredAnimalTest" time="0.004"/>
  <testcase name="getHealth_returnsCorrectHealthAttribute_true" classname="models.EndangeredAnimalTest" time="0.002"/>
  <testcase name="all_returnsAllInstancesOfEndangeredAnimal_true" classname="models.EndangeredAnimalTest" time="1.579">
    <error message="Could not acquire a connection from DataSource - FATAL: no pg_hba.conf entry for host &quot;102.167.90.70&quot;, user &quot;aaxdbnmafohegw&quot;, database &quot;dftdbh9698l7s0&quot;, SSL off" type="org.sql2o.Sql2oException">org.sql2o.Sql2oException: Could not acquire a connection from DataSource - FATAL: no pg_hba.conf entry for host "102.167.90.70", user "aaxdbnmafohegw", database "dftdbh9698l7s0", SSL off
	at models.EndangeredAnimalTest.all_returnsAllInstancesOfEndangeredAnimal_true(EndangeredAnimalTest.java:30)
Caused by: org.postgresql.util.PSQLException: FATAL: no pg_hba.conf entry for host "102.167.90.70", user "aaxdbnmafohegw", database "dftdbh9698l7s0", SSL off
	at models.EndangeredAnimalTest.all_returnsAllInstancesOfEndangeredAnimal_true(EndangeredAnimalTest.java:30)
</error>
    <system-err><![CDATA[SLF4J: Failed to load class "org.slf4j.impl.StaticLoggerBinder".
SLF4J: Defaulting to no-operation (NOP) logger implementation
SLF4J: See http://www.slf4j.org/codes.html#StaticLoggerBinder for further details.
]]></system-err>
  </testcase>
  <testcase name="update_updatesAgeAttribute_true" classname="models.EndangeredAnimalTest" time="0.821">
    <error message="Could not acquire a connection from DataSource - FATAL: no pg_hba.conf entry for host &quot;102.167.90.70&quot;, user &quot;aaxdbnmafohegw&quot;, database &quot;dftdbh9698l7s0&quot;, SSL off" type="org.sql2o.Sql2oException">org.sql2o.Sql2oException: Could not acquire a connection from DataSource - FATAL: no pg_hba.conf entry for host "102.167.90.70", user "aaxdbnmafohegw", database "dftdbh9698l7s0", SSL off
	at models.EndangeredAnimalTest.update_updatesAgeAttribute_true(EndangeredAnimalTest.java:57)
Caused by: org.postgresql.util.PSQLException: FATAL: no pg_hba.conf entry for host "102.167.90.70", user "aaxdbnmafohegw", database "dftdbh9698l7s0", SSL off
	at models.EndangeredAnimalTest.update_updatesAgeAttribute_true(EndangeredAnimalTest.java:57)
</error>
  </testcase>
  <testcase name="save_assignsIdAndSavesObjectToDatabase" classname="models.EndangeredAnimalTest" time="0.585">
    <error message="Could not acquire a connection from DataSource - FATAL: no pg_hba.conf entry for host &quot;102.167.90.70&quot;, user &quot;aaxdbnmafohegw&quot;, database &quot;dftdbh9698l7s0&quot;, SSL off" type="org.sql2o.Sql2oException">org.sql2o.Sql2oException: Could not acquire a connection from DataSource - FATAL: no pg_hba.conf entry for host "102.167.90.70", user "aaxdbnmafohegw", database "dftdbh9698l7s0", SSL off
	at models.EndangeredAnimalTest.save_assignsIdAndSavesObjectToDatabase(EndangeredAnimalTest.java:22)
Caused by: org.postgresql.util.PSQLException: FATAL: no pg_hba.conf entry for host "102.167.90.70", user "aaxdbnmafohegw", database "dftdbh9698l7s0", SSL off
	at models.EndangeredAnimalTest.save_assignsIdAndSavesObjectToDatabase(EndangeredAnimalTest.java:22)
</error>
  </testcase>
  <testcase name="find_returnsAnimalWithSameId_secondAnimal" classname="models.EndangeredAnimalTest" time="0.82">
    <error message="Could not acquire a connection from DataSource - FATAL: no pg_hba.conf entry for host &quot;102.167.90.70&quot;, user &quot;aaxdbnmafohegw&quot;, database &quot;dftdbh9698l7s0&quot;, SSL off" type="org.sql2o.Sql2oException">org.sql2o.Sql2oException: Could not acquire a connection from DataSource - FATAL: no pg_hba.conf entry for host "102.167.90.70", user "aaxdbnmafohegw", database "dftdbh9698l7s0", SSL off
	at models.EndangeredAnimalTest.find_returnsAnimalWithSameId_secondAnimal(EndangeredAnimalTest.java:40)
Caused by: org.postgresql.util.PSQLException: FATAL: no pg_hba.conf entry for host "102.167.90.70", user "aaxdbnmafohegw", database "dftdbh9698l7s0", SSL off
	at models.EndangeredAnimalTest.find_returnsAnimalWithSameId_secondAnimal(EndangeredAnimalTest.java:40)
</error>
  </testcase>
  <testcase name="update_updatesHealthAttribute_true" classname="models.EndangeredAnimalTest" time="0.612">
    <error message="Could not acquire a connection from DataSource - FATAL: no pg_hba.conf entry for host &quot;102.167.90.70&quot;, user &quot;aaxdbnmafohegw&quot;, database &quot;dftdbh9698l7s0&quot;, SSL off" type="org.sql2o.Sql2oException">org.sql2o.Sql2oException: Could not acquire a connection from DataSource - FATAL: no pg_hba.conf entry for host "102.167.90.70", user "aaxdbnmafohegw", database "dftdbh9698l7s0", SSL off
	at models.EndangeredAnimalTest.update_updatesHealthAttribute_true(EndangeredAnimalTest.java:49)
Caused by: org.postgresql.util.PSQLException: FATAL: no pg_hba.conf entry for host "102.167.90.70", user "aaxdbnmafohegw", database "dftdbh9698l7s0", SSL off
	at models.EndangeredAnimalTest.update_updatesHealthAttribute_true(EndangeredAnimalTest.java:49)
</error>
  </testcase>
</testsuite>