<?xml version="1.0" encoding="UTF-8"?>
<testsuite xmlns:xsi="http://www.w3.org/2001/XMLSchema-instance" xsi:schemaLocation="https://maven.apache.org/surefire/maven-surefire-plugin/xsd/surefire-test-report.xsd" name="models.AnimalTest" time="2.604" tests="7" errors="4" skipped="0" failures="0">
  <properties>
[...]
</properties>
  <testcase name="animal_instantiatesCorrectly_false" classname="models.AnimalTest" time="0"/>
  <testcase name="save_assignsIdToObjectAndSavesObjectToDatabase" classname="models.AnimalTest" time="0.685">
    <error message="Could not acquire a connection from DataSource - FATAL: no pg_hba.conf entry for host &quot;102.167.90.70&quot;, user &quot;aaxdbnmafohegw&quot;, database &quot;dftdbh9698l7s0&quot;, SSL off" type="org.sql2o.Sql2oException">org.sql2o.Sql2oException: Could not acquire a connection from DataSource - FATAL: no pg_hba.conf entry for host "102.167.90.70", user "aaxdbnmafohegw", database "dftdbh9698l7s0", SSL off
	at models.AnimalTest.save_assignsIdToObjectAndSavesObjectToDatabase(AnimalTest.java:31)
Caused by: org.postgresql.util.PSQLException: FATAL: no pg_hba.conf entry for host "102.167.90.70", user "aaxdbnmafohegw", database "dftdbh9698l7s0", SSL off
	at models.AnimalTest.save_assignsIdToObjectAndSavesObjectToDatabase(AnimalTest.java:31)
</error>
  </testcase>
  <testcase name="equals_returnsTrueIfNameIsTheSame_false" classname="models.AnimalTest" time="0.001"/>
  <testcase name="delete_deletesAnimalFromDatabase_0" classname="models.AnimalTest" time="0.537">
    <error message="Could not acquire a connection from DataSource - FATAL: no pg_hba.conf entry for host &quot;102.167.90.70&quot;, user &quot;aaxdbnmafohegw&quot;, database &quot;dftdbh9698l7s0&quot;, SSL off" type="org.sql2o.Sql2oException">org.sql2o.Sql2oException: Could not acquire a connection from DataSource - FATAL: no pg_hba.conf entry for host "102.167.90.70", user "aaxdbnmafohegw", database "dftdbh9698l7s0", SSL off
	at models.AnimalTest.delete_deletesAnimalFromDatabase_0(AnimalTest.java:58)
Caused by: org.postgresql.util.PSQLException: FATAL: no pg_hba.conf entry for host "102.167.90.70", user "aaxdbnmafohegw", database "dftdbh9698l7s0", SSL off
	at models.AnimalTest.delete_deletesAnimalFromDatabase_0(AnimalTest.java:58)
</error>
  </testcase>
  <testcase name="all_returnsAllInstancesOfAnimal_false" classname="models.AnimalTest" time="0.638">
    <error message="Could not acquire a connection from DataSource - FATAL: no pg_hba.conf entry for host &quot;102.167.90.70&quot;, user &quot;aaxdbnmafohegw&quot;, database &quot;dftdbh9698l7s0&quot;, SSL off" type="org.sql2o.Sql2oException">org.sql2o.Sql2oException: Could not acquire a connection from DataSource - FATAL: no pg_hba.conf entry for host "102.167.90.70", user "aaxdbnmafohegw", database "dftdbh9698l7s0", SSL off
	at models.AnimalTest.all_returnsAllInstancesOfAnimal_false(AnimalTest.java:39)
Caused by: org.postgresql.util.PSQLException: FATAL: no pg_hba.conf entry for host "102.167.90.70", user "aaxdbnmafohegw", database "dftdbh9698l7s0", SSL off
	at models.AnimalTest.all_returnsAllInstancesOfAnimal_false(AnimalTest.java:39)
</error>
  </testcase>
  <testcase name="getName_animalInstantiatesWithName_Hyena" classname="models.AnimalTest" time="0"/>
  <testcase name="find_returnsAnimalWithSameId_secondAnimal" classname="models.AnimalTest" time="0.74">
    <error message="Could not acquire a connection from DataSource - FATAL: no pg_hba.conf entry for host &quot;102.167.90.70&quot;, user &quot;aaxdbnmafohegw&quot;, database &quot;dftdbh9698l7s0&quot;, SSL off" type="org.sql2o.Sql2oException">org.sql2o.Sql2oException: Could not acquire a connection from DataSource - FATAL: no pg_hba.conf entry for host "102.167.90.70", user "aaxdbnmafohegw", database "dftdbh9698l7s0", SSL off
	at models.AnimalTest.find_returnsAnimalWithSameId_secondAnimal(AnimalTest.java:49)
Caused by: org.postgresql.util.PSQLException: FATAL: no pg_hba.conf entry for host "102.167.90.70", user "aaxdbnmafohegw", database "dftdbh9698l7s0", SSL off
	at models.AnimalTest.find_returnsAnimalWithSameId_secondAnimal(AnimalTest.java:49)
</error>
  </testcase>
</testsuite>